2015-01-07 10:12:35 - PHP Notice:  Undefined variable: text_edit in /Users/Meister/efashion.us/eFashion/admin/view/template/setting/setting.tpl on line 29
2015-01-07 10:13:00 - PHP Notice:  Undefined variable: text_edit in /Users/Meister/efashion.us/eFashion/admin/view/template/setting/setting.tpl on line 29
2015-01-07 10:23:22 - PHP Notice:  Undefined variable: text_powered in /Users/Meister/efashion.us/eFashion/catalog/view/theme/eFashion/template/common/footer.tpl on line 42
2015-01-07 10:23:58 - PHP Notice:  Undefined variable: text_powered in /Users/Meister/efashion.us/eFashion/catalog/view/theme/eFashion/template/common/footer.tpl on line 42
2015-01-07 10:31:37 - PHP Notice:  Undefined variable: text_edit in /Users/Meister/efashion.us/eFashion/admin/view/template/setting/setting.tpl on line 29
2015-01-07 10:45:22 - PHP Notice:  Undefined variable: header in /Users/Meister/efashion.us/eFashion/catalog/view/theme/eFashion/template/common/header.tpl on line 1
2015-01-07 10:45:22 - PHP Notice:  Undefined variable: column_left in /Users/Meister/efashion.us/eFashion/catalog/view/theme/eFashion/template/common/header.tpl on line 3
2015-01-07 10:45:22 - PHP Notice:  Undefined variable: column_right in /Users/Meister/efashion.us/eFashion/catalog/view/theme/eFashion/template/common/header.tpl on line 4
2015-01-07 10:45:22 - PHP Notice:  Undefined variable: content_top in /Users/Meister/efashion.us/eFashion/catalog/view/theme/eFashion/template/common/header.tpl on line 8
2015-01-07 10:45:22 - PHP Notice:  Undefined variable: heading_title in /Users/Meister/efashion.us/eFashion/catalog/view/theme/eFashion/template/common/header.tpl on line 9
2015-01-07 10:45:22 - PHP Notice:  Undefined variable: content_bottom in /Users/Meister/efashion.us/eFashion/catalog/view/theme/eFashion/template/common/header.tpl on line 10
2015-01-07 10:45:22 - PHP Notice:  Undefined variable: footer in /Users/Meister/efashion.us/eFashion/catalog/view/theme/eFashion/template/common/header.tpl on line 14
2015-01-07 10:48:30 - PHP Notice:  Undefined variable: header in /Users/Meister/efashion.us/eFashion/catalog/view/theme/eFashion/template/common/header.tpl on line 42
2015-01-07 10:48:30 - PHP Notice:  Undefined variable: column_left in /Users/Meister/efashion.us/eFashion/catalog/view/theme/eFashion/template/common/header.tpl on line 44
2015-01-07 10:48:30 - PHP Notice:  Undefined variable: column_right in /Users/Meister/efashion.us/eFashion/catalog/view/theme/eFashion/template/common/header.tpl on line 45
2015-01-07 10:48:30 - PHP Notice:  Undefined variable: content_top in /Users/Meister/efashion.us/eFashion/catalog/view/theme/eFashion/template/common/header.tpl on line 49
2015-01-07 10:48:30 - PHP Notice:  Undefined variable: heading_title in /Users/Meister/efashion.us/eFashion/catalog/view/theme/eFashion/template/common/header.tpl on line 50
2015-01-07 10:48:30 - PHP Notice:  Undefined variable: content_bottom in /Users/Meister/efashion.us/eFashion/catalog/view/theme/eFashion/template/common/header.tpl on line 51
2015-01-07 10:48:30 - PHP Notice:  Undefined variable: footer in /Users/Meister/efashion.us/eFashion/catalog/view/theme/eFashion/template/common/header.tpl on line 55
2015-01-07 10:49:12 - PHP Notice:  Undefined variable: header in /Users/Meister/efashion.us/eFashion/catalog/view/theme/eFashion/template/common/header.tpl on line 41
2015-01-07 10:49:12 - PHP Notice:  Undefined variable: column_left in /Users/Meister/efashion.us/eFashion/catalog/view/theme/eFashion/template/common/header.tpl on line 43
2015-01-07 10:49:12 - PHP Notice:  Undefined variable: column_right in /Users/Meister/efashion.us/eFashion/catalog/view/theme/eFashion/template/common/header.tpl on line 44
2015-01-07 10:49:12 - PHP Notice:  Undefined variable: content_top in /Users/Meister/efashion.us/eFashion/catalog/view/theme/eFashion/template/common/header.tpl on line 48
2015-01-07 10:49:12 - PHP Notice:  Undefined variable: heading_title in /Users/Meister/efashion.us/eFashion/catalog/view/theme/eFashion/template/common/header.tpl on line 49
2015-01-07 10:49:12 - PHP Notice:  Undefined variable: content_bottom in /Users/Meister/efashion.us/eFashion/catalog/view/theme/eFashion/template/common/header.tpl on line 50
2015-01-07 10:49:12 - PHP Notice:  Undefined variable: footer in /Users/Meister/efashion.us/eFashion/catalog/view/theme/eFashion/template/common/header.tpl on line 54
2015-01-07 10:49:47 - PHP Notice:  Undefined variable: header in /Users/Meister/efashion.us/eFashion/catalog/view/theme/eFashion/template/common/header.tpl on line 41
2015-01-07 10:49:47 - PHP Notice:  Undefined variable: column_left in /Users/Meister/efashion.us/eFashion/catalog/view/theme/eFashion/template/common/header.tpl on line 43
2015-01-07 10:49:47 - PHP Notice:  Undefined variable: column_right in /Users/Meister/efashion.us/eFashion/catalog/view/theme/eFashion/template/common/header.tpl on line 44
2015-01-07 10:49:47 - PHP Notice:  Undefined variable: content_top in /Users/Meister/efashion.us/eFashion/catalog/view/theme/eFashion/template/common/header.tpl on line 48
2015-01-07 10:49:47 - PHP Notice:  Undefined variable: heading_title in /Users/Meister/efashion.us/eFashion/catalog/view/theme/eFashion/template/common/header.tpl on line 49
2015-01-07 10:49:47 - PHP Notice:  Undefined variable: content_bottom in /Users/Meister/efashion.us/eFashion/catalog/view/theme/eFashion/template/common/header.tpl on line 50
2015-01-07 10:49:47 - PHP Notice:  Undefined variable: footer in /Users/Meister/efashion.us/eFashion/catalog/view/theme/eFashion/template/common/header.tpl on line 54
2015-01-07 10:51:14 - PHP Notice:  Undefined variable: header in /Users/Meister/efashion.us/eFashion/catalog/view/theme/eFashion/template/common/header.tpl on line 41
2015-01-07 10:51:14 - PHP Notice:  Undefined variable: column_left in /Users/Meister/efashion.us/eFashion/catalog/view/theme/eFashion/template/common/header.tpl on line 43
2015-01-07 10:51:14 - PHP Notice:  Undefined variable: column_right in /Users/Meister/efashion.us/eFashion/catalog/view/theme/eFashion/template/common/header.tpl on line 44
2015-01-07 10:51:14 - PHP Notice:  Undefined variable: content_top in /Users/Meister/efashion.us/eFashion/catalog/view/theme/eFashion/template/common/header.tpl on line 48
2015-01-07 10:51:14 - PHP Notice:  Undefined variable: heading_title in /Users/Meister/efashion.us/eFashion/catalog/view/theme/eFashion/template/common/header.tpl on line 49
2015-01-07 10:51:14 - PHP Notice:  Undefined variable: content_bottom in /Users/Meister/efashion.us/eFashion/catalog/view/theme/eFashion/template/common/header.tpl on line 103
2015-01-07 10:51:14 - PHP Notice:  Undefined variable: footer in /Users/Meister/efashion.us/eFashion/catalog/view/theme/eFashion/template/common/header.tpl on line 107
2015-01-07 10:52:00 - PHP Notice:  Undefined variable: header in /Users/Meister/efashion.us/eFashion/catalog/view/theme/eFashion/template/common/header.tpl on line 41
2015-01-07 10:52:00 - PHP Notice:  Undefined variable: column_left in /Users/Meister/efashion.us/eFashion/catalog/view/theme/eFashion/template/common/header.tpl on line 43
2015-01-07 10:52:00 - PHP Notice:  Undefined variable: column_right in /Users/Meister/efashion.us/eFashion/catalog/view/theme/eFashion/template/common/header.tpl on line 44
2015-01-07 10:52:00 - PHP Notice:  Undefined variable: content_top in /Users/Meister/efashion.us/eFashion/catalog/view/theme/eFashion/template/common/header.tpl on line 48
2015-01-07 10:52:00 - PHP Notice:  Undefined variable: heading_title in /Users/Meister/efashion.us/eFashion/catalog/view/theme/eFashion/template/common/header.tpl on line 49
2015-01-07 10:52:00 - PHP Notice:  Undefined variable: content_bottom in /Users/Meister/efashion.us/eFashion/catalog/view/theme/eFashion/template/common/header.tpl on line 103
2015-01-07 10:52:00 - PHP Notice:  Undefined variable: footer in /Users/Meister/efashion.us/eFashion/catalog/view/theme/eFashion/template/common/header.tpl on line 107
2015-01-07 10:52:08 - PHP Notice:  Undefined variable: header in /Users/Meister/efashion.us/eFashion/catalog/view/theme/eFashion/template/common/header.tpl on line 41
2015-01-07 10:52:08 - PHP Notice:  Undefined variable: column_left in /Users/Meister/efashion.us/eFashion/catalog/view/theme/eFashion/template/common/header.tpl on line 43
2015-01-07 10:52:08 - PHP Notice:  Undefined variable: column_right in /Users/Meister/efashion.us/eFashion/catalog/view/theme/eFashion/template/common/header.tpl on line 44
2015-01-07 10:52:08 - PHP Notice:  Undefined variable: content_top in /Users/Meister/efashion.us/eFashion/catalog/view/theme/eFashion/template/common/header.tpl on line 48
2015-01-07 10:52:08 - PHP Notice:  Undefined variable: heading_title in /Users/Meister/efashion.us/eFashion/catalog/view/theme/eFashion/template/common/header.tpl on line 49
2015-01-07 10:52:08 - PHP Notice:  Undefined variable: content_bottom in /Users/Meister/efashion.us/eFashion/catalog/view/theme/eFashion/template/common/header.tpl on line 103
2015-01-07 10:52:08 - PHP Notice:  Undefined variable: footer in /Users/Meister/efashion.us/eFashion/catalog/view/theme/eFashion/template/common/header.tpl on line 107
